[7516:8812:0410/182356:11904592:ERROR:window_impl.cc(55)] Failed to unregister class Chrome_WidgetWin_0. Error = 1412
[3252:4972:0412/161159:4277734:ERROR:window_impl.cc(55)] Failed to unregister class Chrome_WidgetWin_0. Error = 1412
[6396:7656:0413/121543:4248390:ERROR:cache_util_win.cc(43)] Unable to move the cache: 5
[6396:7656:0413/121543:4248390:ERROR:backend_impl.cc(134)] Unable to move cache folder C:\Users\intel\AppData\Local\Sencha\Sencha Architect 2.2\Cache to C:\Users\intel\AppData\Local\Sencha\Sencha Architect 2.2\old_Cache_000
[6396:7656:0413/121543:4248390:ERROR:backend_impl.cc(221)] Unable to create cache
[6396:7716:0413/130554:7259366:ERROR:proxy_resolver_winhttp.cc(94)] WinHttpGetProxyForUrl failed: 12006
[6396:7716:0413/130554:7259366:ERROR:proxy_resolver_winhttp.cc(94)] WinHttpGetProxyForUrl failed: 12006
[6396:7716:0413/130554:7259366:ERROR:proxy_resolver_winhttp.cc(94)] WinHttpGetProxyForUrl failed: 12006
[6396:7716:0413/130554:7259366:ERROR:proxy_resolver_winhttp.cc(94)] WinHttpGetProxyForUrl failed: 12006
[6396:7716:0413/130554:7259366:ERROR:proxy_resolver_winhttp.cc(94)] WinHttpGetProxyForUrl failed: 12006
[6396:7716:0413/130554:7259366:ERROR:proxy_resolver_winhttp.cc(94)] WinHttpGetProxyForUrl failed: 12006
[6396:7716:0413/130554:7259366:ERROR:proxy_resolver_winhttp.cc(94)] WinHttpGetProxyForUrl failed: 12006
[6396:7716:0413/130554:7259381:ERROR:proxy_resolver_winhttp.cc(94)] WinHttpGetProxyForUrl failed: 12006
[6396:7716:0413/130554:7259381:ERROR:proxy_resolver_winhttp.cc(94)] WinHttpGetProxyForUrl failed: 12006
[6396:7716:0413/130554:7259381:ERROR:proxy_resolver_winhttp.cc(94)] WinHttpGetProxyForUrl failed: 12006
[6396:7716:0413/130554:7259381:ERROR:proxy_resolver_winhttp.cc(94)] WinHttpGetProxyForUrl failed: 12006
[6396:7716:0413/130554:7259381:ERROR:proxy_resolver_winhttp.cc(94)] WinHttpGetProxyForUrl failed: 12006
[6396:7716:0413/130554:7259381:ERROR:proxy_resolver_winhttp.cc(94)] WinHttpGetProxyForUrl failed: 12006
[6396:7716:0413/130554:7259381:ERROR:proxy_resolver_winhttp.cc(94)] WinHttpGetProxyForUrl failed: 12006
[6396:7716:0413/130554:7259381:ERROR:proxy_resolver_winhttp.cc(94)] WinHttpGetProxyForUrl failed: 12006
[6396:7716:0413/130554:7259381:ERROR:proxy_resolver_winhttp.cc(94)] WinHttpGetProxyForUrl failed: 12006
[6396:7716:0413/130554:7259381:ERROR:proxy_resolver_winhttp.cc(94)] WinHttpGetProxyForUrl failed: 12006
[6396:7716:0413/130554:7259381:ERROR:proxy_resolver_winhttp.cc(94)] WinHttpGetProxyForUrl failed: 12006
[6396:7716:0413/130554:7259397:ERROR:proxy_resolver_winhttp.cc(94)] WinHttpGetProxyForUrl failed: 12006
[6396:7716:0413/130554:7259397:ERROR:proxy_resolver_winhttp.cc(94)] WinHttpGetProxyForUrl failed: 12006
[6396:7716:0413/130554:7259397:ERROR:proxy_resolver_winhttp.cc(94)] WinHttpGetProxyForUrl failed: 12006
[6396:7716:0413/130554:7259397:ERROR:proxy_resolver_winhttp.cc(94)] WinHttpGetProxyForUrl failed: 12006
[6396:7716:0413/130554:7259397:ERROR:proxy_resolver_winhttp.cc(94)] WinHttpGetProxyForUrl failed: 12006
[6396:7716:0413/130554:7259397:ERROR:proxy_resolver_winhttp.cc(94)] WinHttpGetProxyForUrl failed: 12006
[6396:7716:0413/130554:7259397:ERROR:proxy_resolver_winhttp.cc(94)] WinHttpGetProxyForUrl failed: 12006
[6396:7716:0413/130554:7259397:ERROR:proxy_resolver_winhttp.cc(94)] WinHttpGetProxyForUrl failed: 12006
[6396:7716:0413/130554:7259397:ERROR:proxy_resolver_winhttp.cc(94)] WinHttpGetProxyForUrl failed: 12006
[6396:7716:0413/130554:7259397:ERROR:proxy_resolver_winhttp.cc(94)] WinHttpGetProxyForUrl failed: 12006
[6396:7716:0413/130554:7259397:ERROR:proxy_resolver_winhttp.cc(94)] WinHttpGetProxyForUrl failed: 12006
[6396:7716:0413/130554:7259397:ERROR:proxy_resolver_winhttp.cc(94)] WinHttpGetProxyForUrl failed: 12006
[6396:7716:0413/130554:7259397:ERROR:proxy_resolver_winhttp.cc(94)] WinHttpGetProxyForUrl failed: 12006
[6396:7716:0413/130554:7259397:ERROR:proxy_resolver_winhttp.cc(94)] WinHttpGetProxyForUrl failed: 12006
[6396:7716:0413/130554:7259397:ERROR:proxy_resolver_winhttp.cc(94)] WinHttpGetProxyForUrl failed: 12006
[6396:7716:0413/130554:7259397:ERROR:proxy_resolver_winhttp.cc(94)] WinHttpGetProxyForUrl failed: 12006
[6396:7716:0413/130554:7259397:ERROR:proxy_resolver_winhttp.cc(94)] WinHttpGetProxyForUrl failed: 12006
[6396:7716:0413/130554:7259397:ERROR:proxy_resolver_winhttp.cc(94)] WinHttpGetProxyForUrl failed: 12006
[6396:7716:0413/130554:7259397:ERROR:proxy_resolver_winhttp.cc(94)] WinHttpGetProxyForUrl failed: 12006
[6396:7716:0413/130554:7259397:ERROR:proxy_resolver_winhttp.cc(94)] WinHttpGetProxyForUrl failed: 12006
[6396:7716:0413/130554:7259397:ERROR:proxy_resolver_winhttp.cc(94)] WinHttpGetProxyForUrl failed: 12006
[6396:7716:0413/130554:7259397:ERROR:proxy_resolver_winhttp.cc(94)] WinHttpGetProxyForUrl failed: 12006
[6396:7716:0413/130554:7259412:ERROR:proxy_resolver_winhttp.cc(94)] WinHttpGetProxyForUrl failed: 12006
[6396:7716:0413/130554:7259412:ERROR:proxy_resolver_winhttp.cc(94)] WinHttpGetProxyForUrl failed: 12006
[6396:7716:0413/130554:7259412:ERROR:proxy_resolver_winhttp.cc(94)] WinHttpGetProxyForUrl failed: 12006
[6396:7716:0413/130554:7259412:ERROR:proxy_resolver_winhttp.cc(94)] WinHttpGetProxyForUrl failed: 12006
[6396:7716:0413/130554:7259412:ERROR:proxy_resolver_winhttp.cc(94)] WinHttpGetProxyForUrl failed: 12006
[6396:7716:0413/130554:7259412:ERROR:proxy_resolver_winhttp.cc(94)] WinHttpGetProxyForUrl failed: 12006
[6396:7716:0413/130554:7259412:ERROR:proxy_resolver_winhttp.cc(94)] WinHttpGetProxyForUrl failed: 12006
[6396:7716:0413/130554:7259412:ERROR:proxy_resolver_winhttp.cc(94)] WinHttpGetProxyForUrl failed: 12006
[6396:7716:0413/130554:7259412:ERROR:proxy_resolver_winhttp.cc(94)] WinHttpGetProxyForUrl failed: 12006
[6396:7716:0413/130554:7259412:ERROR:proxy_resolver_winhttp.cc(94)] WinHttpGetProxyForUrl failed: 12006
[6396:7716:0413/130554:7259412:ERROR:proxy_resolver_winhttp.cc(94)] WinHttpGetProxyForUrl failed: 12006
[6396:7716:0413/130554:7259412:ERROR:proxy_resolver_winhttp.cc(94)] WinHttpGetProxyForUrl failed: 12006
[6396:7716:0413/130554:7259412:ERROR:proxy_resolver_winhttp.cc(94)] WinHttpGetProxyForUrl failed: 12006
[6396:7716:0413/130554:7259412:ERROR:proxy_resolver_winhttp.cc(94)] WinHttpGetProxyForUrl failed: 12006
[6396:7716:0413/130554:7259412:ERROR:proxy_resolver_winhttp.cc(94)] WinHttpGetProxyForUrl failed: 12006
[6396:7716:0413/130554:7259412:ERROR:proxy_resolver_winhttp.cc(94)] WinHttpGetProxyForUrl failed: 12006
[6396:7716:0413/130554:7259412:ERROR:proxy_resolver_winhttp.cc(94)] WinHttpGetProxyForUrl failed: 12006
[6396:7716:0413/130554:7259412:ERROR:proxy_resolver_winhttp.cc(94)] WinHttpGetProxyForUrl failed: 12006
[6396:7716:0413/130554:7259412:ERROR:proxy_resolver_winhttp.cc(94)] WinHttpGetProxyForUrl failed: 12006
[6396:7716:0413/130554:7259412:ERROR:proxy_resolver_winhttp.cc(94)] WinHttpGetProxyForUrl failed: 12006
[6396:7716:0413/130554:7259412:ERROR:proxy_resolver_winhttp.cc(94)] WinHttpGetProxyForUrl failed: 12006
[6396:7716:0413/130554:7259412:ERROR:proxy_resolver_winhttp.cc(94)] WinHttpGetProxyForUrl failed: 12006
[6396:7716:0413/130554:7259412:ERROR:proxy_resolver_winhttp.cc(94)] WinHttpGetProxyForUrl failed: 12006
[6396:7716:0413/130554:7259412:ERROR:proxy_resolver_winhttp.cc(94)] WinHttpGetProxyForUrl failed: 12006
[6396:7716:0413/130554:7259428:ERROR:proxy_resolver_winhttp.cc(94)] WinHttpGetProxyForUrl failed: 12006
[6396:7716:0413/130554:7259428:ERROR:proxy_resolver_winhttp.cc(94)] WinHttpGetProxyForUrl failed: 12006
[6396:7716:0413/130554:7259428:ERROR:proxy_resolver_winhttp.cc(94)] WinHttpGetProxyForUrl failed: 12006
[6396:7716:0413/130554:7259428:ERROR:proxy_resolver_winhttp.cc(94)] WinHttpGetProxyForUrl failed: 12006
[6396:7716:0413/130554:7259428:ERROR:proxy_resolver_winhttp.cc(94)] WinHttpGetProxyForUrl failed: 12006
[6396:7716:0413/130554:7259428:ERROR:proxy_resolver_winhttp.cc(94)] WinHttpGetProxyForUrl failed: 12006
[6396:7716:0413/130554:7259428:ERROR:proxy_resolver_winhttp.cc(94)] WinHttpGetProxyForUrl failed: 12006
[6396:7716:0413/130554:7259428:ERROR:proxy_resolver_winhttp.cc(94)] WinHttpGetProxyForUrl failed: 12006
[6396:7716:0413/130554:7259428:ERROR:proxy_resolver_winhttp.cc(94)] WinHttpGetProxyForUrl failed: 12006
[6396:7716:0413/130554:7259428:ERROR:proxy_resolver_winhttp.cc(94)] WinHttpGetProxyForUrl failed: 12006
[6396:7716:0413/130554:7259428:ERROR:proxy_resolver_winhttp.cc(94)] WinHttpGetProxyForUrl failed: 12006
[6396:7716:0413/130554:7259428:ERROR:proxy_resolver_winhttp.cc(94)] WinHttpGetProxyForUrl failed: 12006
[6396:7716:0413/130554:7259428:ERROR:proxy_resolver_winhttp.cc(94)] WinHttpGetProxyForUrl failed: 12006
[6396:7716:0413/130554:7259428:ERROR:proxy_resolver_winhttp.cc(94)] WinHttpGetProxyForUrl failed: 12006
[6396:7716:0413/130554:7259428:ERROR:proxy_resolver_winhttp.cc(94)] WinHttpGetProxyForUrl failed: 12006
[6396:7716:0413/130554:7259428:ERROR:proxy_resolver_winhttp.cc(94)] WinHttpGetProxyForUrl failed: 12006
[6396:7716:0413/130554:7259428:ERROR:proxy_resolver_winhttp.cc(94)] WinHttpGetProxyForUrl failed: 12006
[6396:7716:0413/130554:7259428:ERROR:proxy_resolver_winhttp.cc(94)] WinHttpGetProxyForUrl failed: 12006
[6396:7716:0413/130554:7259428:ERROR:proxy_resolver_winhttp.cc(94)] WinHttpGetProxyForUrl failed: 12006
[6396:7716:0413/130554:7259428:ERROR:proxy_resolver_winhttp.cc(94)] WinHttpGetProxyForUrl failed: 12006
[6396:7716:0413/130554:7259428:ERROR:proxy_resolver_winhttp.cc(94)] WinHttpGetProxyForUrl failed: 12006
[6396:7716:0413/130554:7259428:ERROR:proxy_resolver_winhttp.cc(94)] WinHttpGetProxyForUrl failed: 12006
[6396:7716:0413/130554:7259444:ERROR:proxy_resolver_winhttp.cc(94)] WinHttpGetProxyForUrl failed: 12006
[6396:7716:0413/130554:7259444:ERROR:proxy_resolver_winhttp.cc(94)] WinHttpGetProxyForUrl failed: 12006
[6396:7716:0413/130554:7259444:ERROR:proxy_resolver_winhttp.cc(94)] WinHttpGetProxyForUrl failed: 12006
[6396:7716:0413/130554:7259444:ERROR:proxy_resolver_winhttp.cc(94)] WinHttpGetProxyForUrl failed: 12006
[6396:7716:0413/130554:7259444:ERROR:proxy_resolver_winhttp.cc(94)] WinHttpGetProxyForUrl failed: 12006
[6396:7716:0413/130554:7259444:ERROR:proxy_resolver_winhttp.cc(94)] WinHttpGetProxyForUrl failed: 12006
[6396:7716:0413/130554:7259444:ERROR:proxy_resolver_winhttp.cc(94)] WinHttpGetProxyForUrl failed: 12006
[6396:7716:0413/130554:7259444:ERROR:proxy_resolver_winhttp.cc(94)] WinHttpGetProxyForUrl failed: 12006
[6396:7716:0413/130554:7259444:ERROR:proxy_resolver_winhttp.cc(94)] WinHttpGetProxyForUrl failed: 12006
[6396:7716:0413/130554:7259444:ERROR:proxy_resolver_winhttp.cc(94)] WinHttpGetProxyForUrl failed: 12006
[6396:7716:0413/130554:7259444:ERROR:proxy_resolver_winhttp.cc(94)] WinHttpGetProxyForUrl failed: 12006
[6396:7716:0413/130554:7259444:ERROR:proxy_resolver_winhttp.cc(94)] WinHttpGetProxyForUrl failed: 12006
[6396:7716:0413/130554:7259444:ERROR:proxy_resolver_winhttp.cc(94)] WinHttpGetProxyForUrl failed: 12006
[6396:7716:0413/130554:7259444:ERROR:proxy_resolver_winhttp.cc(94)] WinHttpGetProxyForUrl failed: 12006
[6396:7716:0413/130554:7259444:ERROR:proxy_resolver_winhttp.cc(94)] WinHttpGetProxyForUrl failed: 12006
[6396:7716:0413/130554:7259444:ERROR:proxy_resolver_winhttp.cc(94)] WinHttpGetProxyForUrl failed: 12006
[6396:7716:0413/130554:7259444:ERROR:proxy_resolver_winhttp.cc(94)] WinHttpGetProxyForUrl failed: 12006
[6396:7716:0413/130554:7259444:ERROR:proxy_resolver_winhttp.cc(94)] WinHttpGetProxyForUrl failed: 12006
[6396:7716:0413/130554:7259444:ERROR:proxy_resolver_winhttp.cc(94)] WinHttpGetProxyForUrl failed: 12006
[6396:7716:0413/130554:7259444:ERROR:proxy_resolver_winhttp.cc(94)] WinHttpGetProxyForUrl failed: 12006
[6396:7716:0413/130554:7259444:ERROR:proxy_resolver_winhttp.cc(94)] WinHttpGetProxyForUrl failed: 12006
[6396:7716:0413/130554:7259444:ERROR:proxy_resolver_winhttp.cc(94)] WinHttpGetProxyForUrl failed: 12006
[6396:7716:0413/130554:7259444:ERROR:proxy_resolver_winhttp.cc(94)] WinHttpGetProxyForUrl failed: 12006
[6396:7716:0413/130554:7259444:ERROR:proxy_resolver_winhttp.cc(94)] WinHttpGetProxyForUrl failed: 12006
[6396:7716:0413/130554:7259444:ERROR:proxy_resolver_winhttp.cc(94)] WinHttpGetProxyForUrl failed: 12006
[6396:7716:0413/130554:7259444:ERROR:proxy_resolver_winhttp.cc(94)] WinHttpGetProxyForUrl failed: 12006
[6396:7716:0413/130554:7259459:ERROR:proxy_resolver_winhttp.cc(94)] WinHttpGetProxyForUrl failed: 12006
[6396:7716:0413/130554:7259459:ERROR:proxy_resolver_winhttp.cc(94)] WinHttpGetProxyForUrl failed: 12006
[6396:7716:0413/130554:7259459:ERROR:proxy_resolver_winhttp.cc(94)] WinHttpGetProxyForUrl failed: 12006
[6396:7716:0413/130554:7259459:ERROR:proxy_resolver_winhttp.cc(94)] WinHttpGetProxyForUrl failed: 12006
[6396:7716:0413/130554:7259459:ERROR:proxy_resolver_winhttp.cc(94)] WinHttpGetProxyForUrl failed: 12006
[6396:7716:0413/130554:7259459:ERROR:proxy_resolver_winhttp.cc(94)] WinHttpGetProxyForUrl failed: 12006
[6396:7716:0413/130554:7259459:ERROR:proxy_resolver_winhttp.cc(94)] WinHttpGetProxyForUrl failed: 12006
[6396:7716:0413/130554:7259459:ERROR:proxy_resolver_winhttp.cc(94)] WinHttpGetProxyForUrl failed: 12006
[6396:7716:0413/130554:7259459:ERROR:proxy_resolver_winhttp.cc(94)] WinHttpGetProxyForUrl failed: 12006
[6396:7716:0413/130554:7259459:ERROR:proxy_resolver_winhttp.cc(94)] WinHttpGetProxyForUrl failed: 12006
[6396:7716:0413/130554:7259459:ERROR:proxy_resolver_winhttp.cc(94)] WinHttpGetProxyForUrl failed: 12006
[6396:7716:0413/130554:7259459:ERROR:proxy_resolver_winhttp.cc(94)] WinHttpGetProxyForUrl failed: 12006
[6396:7716:0413/130554:7259459:ERROR:proxy_resolver_winhttp.cc(94)] WinHttpGetProxyForUrl failed: 12006
[6396:7716:0413/130554:7259459:ERROR:proxy_resolver_winhttp.cc(94)] WinHttpGetProxyForUrl failed: 12006
[6396:7716:0413/130554:7259459:ERROR:proxy_resolver_winhttp.cc(94)] WinHttpGetProxyForUrl failed: 12006
[6396:7716:0413/130554:7259459:ERROR:proxy_resolver_winhttp.cc(94)] WinHttpGetProxyForUrl failed: 12006
[6396:7716:0413/130554:7259459:ERROR:proxy_resolver_winhttp.cc(94)] WinHttpGetProxyForUrl failed: 12006
[6396:7716:0413/130554:7259459:ERROR:proxy_resolver_winhttp.cc(94)] WinHttpGetProxyForUrl failed: 12006
[6396:7716:0413/130554:7259459:ERROR:proxy_resolver_winhttp.cc(94)] WinHttpGetProxyForUrl failed: 12006
[6396:7716:0413/130554:7259459:ERROR:proxy_resolver_winhttp.cc(94)] WinHttpGetProxyForUrl failed: 12006
[6396:7716:0413/130554:7259459:ERROR:proxy_resolver_winhttp.cc(94)] WinHttpGetProxyForUrl failed: 12006
[6396:7716:0413/130554:7259459:ERROR:proxy_resolver_winhttp.cc(94)] WinHttpGetProxyForUrl failed: 12006
[6396:7716:0413/130554:7259459:ERROR:proxy_resolver_winhttp.cc(94)] WinHttpGetProxyForUrl failed: 12006
[6396:7716:0413/130554:7259459:ERROR:proxy_resolver_winhttp.cc(94)] WinHttpGetProxyForUrl failed: 12006
[6396:7716:0413/130554:7259475:ERROR:proxy_resolver_winhttp.cc(94)] WinHttpGetProxyForUrl failed: 12006
[6396:7716:0413/130554:7259475:ERROR:proxy_resolver_winhttp.cc(94)] WinHttpGetProxyForUrl failed: 12006
[6396:7716:0413/130554:7259475:ERROR:proxy_resolver_winhttp.cc(94)] WinHttpGetProxyForUrl failed: 12006
[6396:7716:0413/130554:7259475:ERROR:proxy_resolver_winhttp.cc(94)] WinHttpGetProxyForUrl failed: 12006
[6396:7716:0413/130554:7259475:ERROR:proxy_resolver_winhttp.cc(94)] WinHttpGetProxyForUrl failed: 12006
[6396:7716:0413/130554:7259475:ERROR:proxy_resolver_winhttp.cc(94)] WinHttpGetProxyForUrl failed: 12006
[6396:7716:0413/130554:7259475:ERROR:proxy_resolver_winhttp.cc(94)] WinHttpGetProxyForUrl failed: 12006
[6396:7716:0413/130554:7259475:ERROR:proxy_resolver_winhttp.cc(94)] WinHttpGetProxyForUrl failed: 12006
[6396:7716:0413/130554:7259475:ERROR:proxy_resolver_winhttp.cc(94)] WinHttpGetProxyForUrl failed: 12006
[6396:7716:0413/130554:7259475:ERROR:proxy_resolver_winhttp.cc(94)] WinHttpGetProxyForUrl failed: 12006
[6396:7716:0413/130554:7259475:ERROR:proxy_resolver_winhttp.cc(94)] WinHttpGetProxyForUrl failed: 12006
[6396:7716:0413/130554:7259475:ERROR:proxy_resolver_winhttp.cc(94)] WinHttpGetProxyForUrl failed: 12006
[6396:7716:0413/130554:7259475:ERROR:proxy_resolver_winhttp.cc(94)] WinHttpGetProxyForUrl failed: 12006
[6396:7716:0413/130554:7259475:ERROR:proxy_resolver_winhttp.cc(94)] WinHttpGetProxyForUrl failed: 12006
[6396:7716:0413/130554:7259475:ERROR:proxy_resolver_winhttp.cc(94)] WinHttpGetProxyForUrl failed: 12006
[6396:7716:0413/130554:7259475:ERROR:proxy_resolver_winhttp.cc(94)] WinHttpGetProxyForUrl failed: 12006
[6396:7716:0413/130554:7259475:ERROR:proxy_resolver_winhttp.cc(94)] WinHttpGetProxyForUrl failed: 12006
[6396:7716:0413/130554:7259475:ERROR:proxy_resolver_winhttp.cc(94)] WinHttpGetProxyForUrl failed: 12006
[6396:7716:0413/130554:7259475:ERROR:proxy_resolver_winhttp.cc(94)] WinHttpGetProxyForUrl failed: 12006
[6396:7716:0413/130554:7259475:ERROR:proxy_resolver_winhttp.cc(94)] WinHttpGetProxyForUrl failed: 12006
[6396:7716:0413/130554:7259475:ERROR:proxy_resolver_winhttp.cc(94)] WinHttpGetProxyForUrl failed: 12006
[6396:7716:0413/130554:7259475:ERROR:proxy_resolver_winhttp.cc(94)] WinHttpGetProxyForUrl failed: 12006
[6396:7716:0413/130554:7259475:ERROR:proxy_resolver_winhttp.cc(94)] WinHttpGetProxyForUrl failed: 12006
[6396:7716:0413/130554:7259475:ERROR:proxy_resolver_winhttp.cc(94)] WinHttpGetProxyForUrl failed: 12006
[6396:7716:0413/130554:7259475:ERROR:proxy_resolver_winhttp.cc(94)] WinHttpGetProxyForUrl failed: 12006
[6396:7716:0413/130554:7259475:ERROR:proxy_resolver_winhttp.cc(94)] WinHttpGetProxyForUrl failed: 12006
[6396:7716:0413/130554:7259490:ERROR:proxy_resolver_winhttp.cc(94)] WinHttpGetProxyForUrl failed: 12006
[6396:7716:0413/130554:7259490:ERROR:proxy_resolver_winhttp.cc(94)] WinHttpGetProxyForUrl failed: 12006
[6396:7716:0413/130554:7259490:ERROR:proxy_resolver_winhttp.cc(94)] WinHttpGetProxyForUrl failed: 12006
[6396:7716:0413/130554:7259490:ERROR:proxy_resolver_winhttp.cc(94)] WinHttpGetProxyForUrl failed: 12006
[6396:7716:0413/130554:7259490:ERROR:proxy_resolver_winhttp.cc(94)] WinHttpGetProxyForUrl failed: 12006
[6396:7716:0413/130554:7259490:ERROR:proxy_resolver_winhttp.cc(94)] WinHttpGetProxyForUrl failed: 12006
[6396:7716:0413/130554:7259490:ERROR:proxy_resolver_winhttp.cc(94)] WinHttpGetProxyForUrl failed: 12006
[6396:7716:0413/130554:7259490:ERROR:proxy_resolver_winhttp.cc(94)] WinHttpGetProxyForUrl failed: 12006
[6396:7716:0413/130554:7259490:ERROR:proxy_resolver_winhttp.cc(94)] WinHttpGetProxyForUrl failed: 12006
[6396:7716:0413/130554:7259490:ERROR:proxy_resolver_winhttp.cc(94)] WinHttpGetProxyForUrl failed: 12006
[6396:7716:0413/130554:7259490:ERROR:proxy_resolver_winhttp.cc(94)] WinHttpGetProxyForUrl failed: 12006
[6396:7716:0413/130554:7259490:ERROR:proxy_resolver_winhttp.cc(94)] WinHttpGetProxyForUrl failed: 12006
[6396:7716:0413/130554:7259490:ERROR:proxy_resolver_winhttp.cc(94)] WinHttpGetProxyForUrl failed: 12006
[6396:7716:0413/130554:7259490:ERROR:proxy_resolver_winhttp.cc(94)] WinHttpGetProxyForUrl failed: 12006
[6396:7716:0413/130554:7259490:ERROR:proxy_resolver_winhttp.cc(94)] WinHttpGetProxyForUrl failed: 12006
[6396:7716:0413/130554:7259490:ERROR:proxy_resolver_winhttp.cc(94)] WinHttpGetProxyForUrl failed: 12006
[6396:7716:0413/130554:7259490:ERROR:proxy_resolver_winhttp.cc(94)] WinHttpGetProxyForUrl failed: 12006
[6396:7716:0413/130554:7259490:ERROR:proxy_resolver_winhttp.cc(94)] WinHttpGetProxyForUrl failed: 12006
[6396:7716:0413/130554:7259490:ERROR:proxy_resolver_winhttp.cc(94)] WinHttpGetProxyForUrl failed: 12006
[6396:7716:0413/130554:7259490:ERROR:proxy_resolver_winhttp.cc(94)] WinHttpGetProxyForUrl failed: 12006
[6396:7716:0413/130554:7259490:ERROR:proxy_resolver_winhttp.cc(94)] WinHttpGetProxyForUrl failed: 12006
[6396:7716:0413/130554:7259490:ERROR:proxy_resolver_winhttp.cc(94)] WinHttpGetProxyForUrl failed: 12006
[6396:7716:0413/130554:7259490:ERROR:proxy_resolver_winhttp.cc(94)] WinHttpGetProxyForUrl failed: 12006
[6396:7716:0413/130554:7259490:ERROR:proxy_resolver_winhttp.cc(94)] WinHttpGetProxyForUrl failed: 12006
[6396:7716:0413/130554:7259506:ERROR:proxy_resolver_winhttp.cc(94)] WinHttpGetProxyForUrl failed: 12006
[6396:7716:0413/130554:7259506:ERROR:proxy_resolver_winhttp.cc(94)] WinHttpGetProxyForUrl failed: 12006
[6396:7716:0413/130554:7259506:ERROR:proxy_resolver_winhttp.cc(94)] WinHttpGetProxyForUrl failed: 12006
[6396:7716:0413/130554:7259506:ERROR:proxy_resolver_winhttp.cc(94)] WinHttpGetProxyForUrl failed: 12006
[6396:7716:0413/130554:7259506:ERROR:proxy_resolver_winhttp.cc(94)] WinHttpGetProxyForUrl failed: 12006
[6396:7716:0413/130554:7259506:ERROR:proxy_resolver_winhttp.cc(94)] WinHttpGetProxyForUrl failed: 12006
[6396:7716:0413/130554:7259506:ERROR:proxy_resolver_winhttp.cc(94)] WinHttpGetProxyForUrl failed: 12006
[6396:7716:0413/130554:7259506:ERROR:proxy_resolver_winhttp.cc(94)] WinHttpGetProxyForUrl failed: 12006
[6396:7716:0413/130554:7259506:ERROR:proxy_resolver_winhttp.cc(94)] WinHttpGetProxyForUrl failed: 12006
[6396:7716:0413/130554:7259506:ERROR:proxy_resolver_winhttp.cc(94)] WinHttpGetProxyForUrl failed: 12006
[6396:7716:0413/130554:7259506:ERROR:proxy_resolver_winhttp.cc(94)] WinHttpGetProxyForUrl failed: 12006
[6396:7716:0413/130554:7259506:ERROR:proxy_resolver_winhttp.cc(94)] WinHttpGetProxyForUrl failed: 12006
[6396:7716:0413/130554:7259506:ERROR:proxy_resolver_winhttp.cc(94)] WinHttpGetProxyForUrl failed: 12006
[6396:7716:0413/130554:7259506:ERROR:proxy_resolver_winhttp.cc(94)] WinHttpGetProxyForUrl failed: 12006
[6396:7716:0413/130554:7259506:ERROR:proxy_resolver_winhttp.cc(94)] WinHttpGetProxyForUrl failed: 12006
[6396:7716:0413/130554:7259506:ERROR:proxy_resolver_winhttp.cc(94)] WinHttpGetProxyForUrl failed: 12006
[6396:7716:0413/130554:7259506:ERROR:proxy_resolver_winhttp.cc(94)] WinHttpGetProxyForUrl failed: 12006
[6396:7716:0413/130554:7259506:ERROR:proxy_resolver_winhttp.cc(94)] WinHttpGetProxyForUrl failed: 12006
[6396:7716:0413/130554:7259506:ERROR:proxy_resolver_winhttp.cc(94)] WinHttpGetProxyForUrl failed: 12006
[6396:7716:0413/130554:7259506:ERROR:proxy_resolver_winhttp.cc(94)] WinHttpGetProxyForUrl failed: 12006
[6396:7716:0413/130554:7259506:ERROR:proxy_resolver_winhttp.cc(94)] WinHttpGetProxyForUrl failed: 12006
[6396:7716:0413/130554:7259506:ERROR:proxy_resolver_winhttp.cc(94)] WinHttpGetProxyForUrl failed: 12006
[6396:7716:0413/130554:7259506:ERROR:proxy_resolver_winhttp.cc(94)] WinHttpGetProxyForUrl failed: 12006
[6396:7716:0413/130554:7259506:ERROR:proxy_resolver_winhttp.cc(94)] WinHttpGetProxyForUrl failed: 12006
[6396:7716:0413/130554:7259506:ERROR:proxy_resolver_winhttp.cc(94)] WinHttpGetProxyForUrl failed: 12006
[6396:7716:0413/130554:7259506:ERROR:proxy_resolver_winhttp.cc(94)] WinHttpGetProxyForUrl failed: 12006
[6396:7716:0413/130554:7259522:ERROR:proxy_resolver_winhttp.cc(94)] WinHttpGetProxyForUrl failed: 12006
[6396:7716:0413/130554:7259522:ERROR:proxy_resolver_winhttp.cc(94)] WinHttpGetProxyForUrl failed: 12006
[6396:7716:0413/130554:7259522:ERROR:proxy_resolver_winhttp.cc(94)] WinHttpGetProxyForUrl failed: 12006
[6396:7716:0413/130554:7259522:ERROR:proxy_resolver_winhttp.cc(94)] WinHttpGetProxyForUrl failed: 12006
[6396:7716:0413/130554:7259522:ERROR:proxy_resolver_winhttp.cc(94)] WinHttpGetProxyForUrl failed: 12006
[6396:7716:0413/130554:7259522:ERROR:proxy_resolver_winhttp.cc(94)] WinHttpGetProxyForUrl failed: 12006
[6396:7716:0413/130554:7259522:ERROR:proxy_resolver_winhttp.cc(94)] WinHttpGetProxyForUrl failed: 12006
[6396:7716:0413/130554:7259522:ERROR:proxy_resolver_winhttp.cc(94)] WinHttpGetProxyForUrl failed: 12006
[6396:7716:0413/130554:7259522:ERROR:proxy_resolver_winhttp.cc(94)] WinHttpGetProxyForUrl failed: 12006
[6396:7716:0413/130554:7259522:ERROR:proxy_resolver_winhttp.cc(94)] WinHttpGetProxyForUrl failed: 12006
[6396:7716:0413/130554:7259522:ERROR:proxy_resolver_winhttp.cc(94)] WinHttpGetProxyForUrl failed: 12006
[6396:7716:0413/130554:7259522:ERROR:proxy_resolver_winhttp.cc(94)] WinHttpGetProxyForUrl failed: 12006
[6396:7716:0413/130554:7259522:ERROR:proxy_resolver_winhttp.cc(94)] WinHttpGetProxyForUrl failed: 12006
[6396:7716:0413/130554:7259522:ERROR:proxy_resolver_winhttp.cc(94)] WinHttpGetProxyForUrl failed: 12006
[6396:7716:0413/130554:7259522:ERROR:proxy_resolver_winhttp.cc(94)] WinHttpGetProxyForUrl failed: 12006
[6396:7716:0413/130554:7259522:ERROR:proxy_resolver_winhttp.cc(94)] WinHttpGetProxyForUrl failed: 12006
[6396:7716:0413/130554:7259522:ERROR:proxy_resolver_winhttp.cc(94)] WinHttpGetProxyForUrl failed: 12006
[6396:7716:0413/130554:7259522:ERROR:proxy_resolver_winhttp.cc(94)] WinHttpGetProxyForUrl failed: 12006
[6396:7716:0413/130554:7259522:ERROR:proxy_resolver_winhttp.cc(94)] WinHttpGetProxyForUrl failed: 12006
[6396:7716:0413/130554:7259522:ERROR:proxy_resolver_winhttp.cc(94)] WinHttpGetProxyForUrl failed: 12006
[6396:7716:0413/130554:7259522:ERROR:proxy_resolver_winhttp.cc(94)] WinHttpGetProxyForUrl failed: 12006
[6396:7716:0413/130554:7259522:ERROR:proxy_resolver_winhttp.cc(94)] WinHttpGetProxyForUrl failed: 12006
[6396:7716:0413/130554:7259522:ERROR:proxy_resolver_winhttp.cc(94)] WinHttpGetProxyForUrl failed: 12006
[6396:7716:0413/130554:7259522:ERROR:proxy_resolver_winhttp.cc(94)] WinHttpGetProxyForUrl failed: 12006
[6396:7716:0413/130554:7259537:ERROR:proxy_resolver_winhttp.cc(94)] WinHttpGetProxyForUrl failed: 12006
[6396:7716:0413/130554:7259537:ERROR:proxy_resolver_winhttp.cc(94)] WinHttpGetProxyForUrl failed: 12006
[6396:7716:0413/130554:7259537:ERROR:proxy_resolver_winhttp.cc(94)] WinHttpGetProxyForUrl failed: 12006
[6396:7716:0413/130554:7259537:ERROR:proxy_resolver_winhttp.cc(94)] WinHttpGetProxyForUrl failed: 12006
[6396:7716:0413/130554:7259537:ERROR:proxy_resolver_winhttp.cc(94)] WinHttpGetProxyForUrl failed: 12006
[6396:7716:0413/130554:7259537:ERROR:proxy_resolver_winhttp.cc(94)] WinHttpGetProxyForUrl failed: 12006
[6396:7716:0413/130554:7259537:ERROR:proxy_resolver_winhttp.cc(94)] WinHttpGetProxyForUrl failed: 12006
[6396:7716:0413/130554:7259537:ERROR:proxy_resolver_winhttp.cc(94)] WinHttpGetProxyForUrl failed: 12006
[6396:7716:0413/130554:7259537:ERROR:proxy_resolver_winhttp.cc(94)] WinHttpGetProxyForUrl failed: 12006
[6396:7716:0413/130554:7259537:ERROR:proxy_resolver_winhttp.cc(94)] WinHttpGetProxyForUrl failed: 12006
[6396:7716:0413/130554:7259537:ERROR:proxy_resolver_winhttp.cc(94)] WinHttpGetProxyForUrl failed: 12006
[6396:7716:0413/130554:7259537:ERROR:proxy_resolver_winhttp.cc(94)] WinHttpGetProxyForUrl failed: 12006
[6396:7716:0413/130554:7259537:ERROR:proxy_resolver_winhttp.cc(94)] WinHttpGetProxyForUrl failed: 12006
[6396:7716:0413/130554:7259537:ERROR:proxy_resolver_winhttp.cc(94)] WinHttpGetProxyForUrl failed: 12006
[6396:7716:0413/130554:7259537:ERROR:proxy_resolver_winhttp.cc(94)] WinHttpGetProxyForUrl failed: 12006
[6396:7716:0413/130554:7259537:ERROR:proxy_resolver_winhttp.cc(94)] WinHttpGetProxyForUrl failed: 12006
[6396:7716:0413/130554:7259537:ERROR:proxy_resolver_winhttp.cc(94)] WinHttpGetProxyForUrl failed: 12006
[6396:7716:0413/130554:7259537:ERROR:proxy_resolver_winhttp.cc(94)] WinHttpGetProxyForUrl failed: 12006
[6396:7716:0413/130554:7259537:ERROR:proxy_resolver_winhttp.cc(94)] WinHttpGetProxyForUrl failed: 12006
[6396:7716:0413/130554:7259537:ERROR:proxy_resolver_winhttp.cc(94)] WinHttpGetProxyForUrl failed: 12006
[6396:7716:0413/130554:7259537:ERROR:proxy_resolver_winhttp.cc(94)] WinHttpGetProxyForUrl failed: 12006
[6396:7716:0413/130554:7259537:ERROR:proxy_resolver_winhttp.cc(94)] WinHttpGetProxyForUrl failed: 12006
[6396:7716:0413/130554:7259537:ERROR:proxy_resolver_winhttp.cc(94)] WinHttpGetProxyForUrl failed: 12006
[6396:7716:0413/130554:7259553:ERROR:proxy_resolver_winhttp.cc(94)] WinHttpGetProxyForUrl failed: 12006
[6396:7716:0413/130554:7259553:ERROR:proxy_resolver_winhttp.cc(94)] WinHttpGetProxyForUrl failed: 12006
[6396:7716:0413/130554:7259553:ERROR:proxy_resolver_winhttp.cc(94)] WinHttpGetProxyForUrl failed: 12006
[6396:7716:0413/130554:7259553:ERROR:proxy_resolver_winhttp.cc(94)] WinHttpGetProxyForUrl failed: 12006
[6396:7716:0413/130554:7259553:ERROR:proxy_resolver_winhttp.cc(94)] WinHttpGetProxyForUrl failed: 12006
[6396:7716:0413/130554:7259553:ERROR:proxy_resolver_winhttp.cc(94)] WinHttpGetProxyForUrl failed: 12006
[6396:7716:0413/130554:7259553:ERROR:proxy_resolver_winhttp.cc(94)] WinHttpGetProxyForUrl failed: 12006
[6396:7716:0413/130554:7259553:ERROR:proxy_resolver_winhttp.cc(94)] WinHttpGetProxyForUrl failed: 12006
[6396:7716:0413/130554:7259553:ERROR:proxy_resolver_winhttp.cc(94)] WinHttpGetProxyForUrl failed: 12006
[6396:7716:0413/130554:7259553:ERROR:proxy_resolver_winhttp.cc(94)] WinHttpGetProxyForUrl failed: 12006
[6396:7716:0413/130554:7259553:ERROR:proxy_resolver_winhttp.cc(94)] WinHttpGetProxyForUrl failed: 12006
[6396:7716:0413/130554:7259553:ERROR:proxy_resolver_winhttp.cc(94)] WinHttpGetProxyForUrl failed: 12006
[6396:7716:0413/130554:7259553:ERROR:proxy_resolver_winhttp.cc(94)] WinHttpGetProxyForUrl failed: 12006
[6396:7716:0413/130554:7259553:ERROR:proxy_resolver_winhttp.cc(94)] WinHttpGetProxyForUrl failed: 12006
[6396:7716:0413/130554:7259553:ERROR:proxy_resolver_winhttp.cc(94)] WinHttpGetProxyForUrl failed: 12006
[6396:7716:0413/130554:7259553:ERROR:proxy_resolver_winhttp.cc(94)] WinHttpGetProxyForUrl failed: 12006
[6396:7716:0413/130554:7259553:ERROR:proxy_resolver_winhttp.cc(94)] WinHttpGetProxyForUrl failed: 12006
[6396:7716:0413/130554:7259553:ERROR:proxy_resolver_winhttp.cc(94)] WinHttpGetProxyForUrl failed: 12006
[6396:7716:0413/130554:7259553:ERROR:proxy_resolver_winhttp.cc(94)] WinHttpGetProxyForUrl failed: 12006
[6396:7716:0413/130554:7259553:ERROR:proxy_resolver_winhttp.cc(94)] WinHttpGetProxyForUrl failed: 12006
[6396:7716:0413/130554:7259553:ERROR:proxy_resolver_winhttp.cc(94)] WinHttpGetProxyForUrl failed: 12006
[6396:7716:0413/130554:7259553:ERROR:proxy_resolver_winhttp.cc(94)] WinHttpGetProxyForUrl failed: 12006
[6396:7716:0413/130554:7259553:ERROR:proxy_resolver_winhttp.cc(94)] WinHttpGetProxyForUrl failed: 12006
[6396:7716:0413/130554:7259553:ERROR:proxy_resolver_winhttp.cc(94)] WinHttpGetProxyForUrl failed: 12006
[6396:7716:0413/130554:7259553:ERROR:proxy_resolver_winhttp.cc(94)] WinHttpGetProxyForUrl failed: 12006
[6396:7568:0413/130554:7259584:ERROR:window_impl.cc(55)] Failed to unregister class Chrome_WidgetWin_0. Error = 1412
[7708:2884:0413/162510:4988553:ERROR:cache_util_win.cc(43)] Unable to move the cache: 5
[7708:2884:0413/162510:4988568:ERROR:backend_impl.cc(134)] Unable to move cache folder C:\Users\intel\AppData\Local\Sencha\Sencha Architect 2.2\Cache to C:\Users\intel\AppData\Local\Sencha\Sencha Architect 2.2\old_Cache_000
[7708:2884:0413/162510:4988568:ERROR:backend_impl.cc(221)] Unable to create cache
[5708:6120:0413/162703:5101638:ERROR:window_impl.cc(55)] Failed to unregister class Chrome_WidgetWin_0. Error = 1412
[10944:3408:0420/221831:846064683:ERROR:gpu_info_collector_win.cc(93)] Can't retrieve a valid WinSAT assessment.
[10944:17824:0420/221833:846065931:ERROR:cache_util_win.cc(43)] Unable to move the cache: 5
[10944:17824:0420/221833:846065931:ERROR:backend_impl.cc(134)] Unable to move cache folder C:\Users\satya\AppData\Local\Sencha\Sencha Architect 2.2\Cache to C:\Users\satya\AppData\Local\Sencha\Sencha Architect 2.2\old_Cache_000
[10944:17824:0420/221833:846065931:ERROR:backend_impl.cc(221)] Unable to create cache
[10944:18420:0420/221833:846065931:ERROR:proxy_resolver_winhttp.cc(94)] WinHttpGetProxyForUrl failed: 12006
[10944:17116:0420/221833:846065962:ERROR:proxy_resolver_winhttp.cc(94)] WinHttpGetProxyForUrl failed: 12006
[10944:17116:0420/221833:846066009:ERROR:proxy_resolver_winhttp.cc(94)] WinHttpGetProxyForUrl failed: 12006
[10944:3408:0420/222052:846204740:ERROR:window_impl.cc(55)] Failed to unregister class Chrome_WidgetWin_0. Error = 1412
[16184:17444:0420/222216:846289246:ERROR:gpu_info_collector_win.cc(93)] Can't retrieve a valid WinSAT assessment.
[16184:16548:0420/222217:846290510:ERROR:proxy_resolver_winhttp.cc(94)] WinHttpGetProxyForUrl failed: 12006
[16184:16548:0420/222217:846290510:ERROR:proxy_resolver_winhttp.cc(94)] WinHttpGetProxyForUrl failed: 12006
